Build started 30/01/2015 3:09:49 PM.
     1>Project "C:\Users\Robb\Documents\GitHub\Asteroids\CST8237-Work\CST8237-Work.vcxproj" on node 2 (Build target(s)).
     1>ClCompile:
         C:\Program Files (x86)\Microsoft Visual Studio 12.0\VC\bin\CL.exe /c /ZI /nologo /W3 /WX- /Od /Oy- /D WIN32 /D _DEBUG /D _CONSOLE /D _UNICODE /D UNICODE /Gm /EHsc /RTC1 /MDd /GS /fp:precise /Zc:wchar_t /Zc:forScope /Fo"Debug\\" /Fd"Debug\vc120.pdb" /Gd /TP /analyze- /errorReport:prompt Player.cpp
         Player.cpp
     1>c:\users\robb\documents\github\asteroids\cst8237-work\player.cpp(107): warning C4244: 'argument' : conversion from 'float' to 'int', possible loss of data
     1>c:\users\robb\documents\github\asteroids\cst8237-work\player.cpp(108): warning C4244: 'argument' : conversion from 'float' to 'int', possible loss of data
     1>c:\users\robb\documents\github\asteroids\cst8237-work\player.cpp(109): warning C4244: 'argument' : conversion from 'float' to 'int', possible loss of data
       Link:
         C:\Program Files (x86)\Microsoft Visual Studio 12.0\VC\bin\link.exe /ERRORREPORT:PROMPT /OUT:"C:\Users\Robb\Documents\GitHub\Asteroids\Debug\CST8237-Work.exe" /INCREMENTAL:NO /NOLOGO SDL2.lib SDL2main.lib kernel32.lib user32.lib gdi32.lib winspool.lib comdlg32.lib advapi32.lib shell32.lib ole32.lib oleaut32.lib uuid.lib odbc32.lib odbccp32.lib /MANIFEST /MANIFESTUAC:"level='asInvoker' uiAccess='false'" /manifest:embed /DEBUG /PDB:"C:\Users\Robb\Documents\GitHub\Asteroids\Debug\CST8237-Work.pdb" /SUBSYSTEM:CONSOLE /TLBID:1 /DYNAMICBASE /NXCOMPAT /IMPLIB:"C:\Users\Robb\Documents\GitHub\Asteroids\Debug\CST8237-Work.lib" /MACHINE:X86 Debug\Asteroid.obj
         Debug\Bullet.obj
         Debug\Game.obj
         Debug\GameEngine.obj
         Debug\GameObject.obj
         Debug\InputManager.obj
         Debug\main.obj
         Debug\MathUtils.obj
         Debug\Player.obj
         Debug\Timer.obj
     1>Asteroid.obj : warning LNK4075: ignoring '/EDITANDCONTINUE' due to '/OPT:LBR' specification
     1>MSVCRTD.lib(cinitexe.obj) : warning LNK4098: defaultlib 'msvcrt.lib' conflicts with use of other libs; use /NODEFAULTLIB:library
         CST8237-Work.vcxproj -> C:\Users\Robb\Documents\GitHub\Asteroids\Debug\CST8237-Work.exe
     1>Done Building Project "C:\Users\Robb\Documents\GitHub\Asteroids\CST8237-Work\CST8237-Work.vcxproj" (Build target(s)).

Build succeeded.

Time Elapsed 00:00:01.11
